Copyright 1986-2022 Xilinx, Inc. All Rights Reserved. Copyright 2022-2023 Advanced Micro Devices, Inc. All Rights Reserved.
---------------------------------------------------------------------------------------------------------------------------------------------
| Tool Version : Vivado v.2023.1 (win64) Build 3865809 Sun May  7 15:05:29 MDT 2023
| Date         : Wed Nov 15 13:07:00 2023
| Host         : DESKTOP-M3IS96G running 64-bit major release  (build 9200)
| Command      : report_control_sets -verbose -file top_control_sets_placed.rpt
| Design       : top
| Device       : xc7z020
---------------------------------------------------------------------------------------------------------------------------------------------

Control Set Information

Table of Contents
-----------------
1. Summary
2. Histogram
3. Flip-Flop Distribution
4. Detailed Control Set Information

1. Summary
----------

+----------------------------------------------------------+-------+
|                          Status                          | Count |
+----------------------------------------------------------+-------+
| Total control sets                                       |    10 |
|    Minimum number of control sets                        |    10 |
|    Addition due to synthesis replication                 |     0 |
|    Addition due to physical synthesis replication        |     0 |
| Unused register locations in slices containing registers |    12 |
+----------------------------------------------------------+-------+
* Control sets can be merged at opt_design using control_set_merge or merge_equivalent_drivers
** Run report_qor_suggestions for automated merging and remapping suggestions


2. Histogram
------------

+--------------------+-------+
|       Fanout       | Count |
+--------------------+-------+
| Total control sets |    10 |
| >= 0 to < 4        |     0 |
| >= 4 to < 6        |     1 |
| >= 6 to < 8        |     1 |
| >= 8 to < 10       |     1 |
| >= 10 to < 12      |     0 |
| >= 12 to < 14      |     0 |
| >= 14 to < 16      |     0 |
| >= 16              |     7 |
+--------------------+-------+
* Control sets can be remapped at either synth_design or opt_design


3. Flip-Flop Distribution
-------------------------

+--------------+-----------------------+------------------------+-----------------+--------------+
| Clock Enable | Synchronous Set/Reset | Asynchronous Set/Reset | Total Registers | Total Slices |
+--------------+-----------------------+------------------------+-----------------+--------------+
| No           | No                    | No                     |              14 |            9 |
| No           | No                    | Yes                    |               0 |            0 |
| No           | Yes                   | No                     |             161 |           41 |
| Yes          | No                    | No                     |               5 |            2 |
| Yes          | No                    | Yes                    |               0 |            0 |
| Yes          | Yes                   | No                     |              64 |           15 |
+--------------+-----------------------+------------------------+-----------------+--------------+


4. Detailed Control Set Information
-----------------------------------

+-----------------+--------------------------------------+-----------------------------------------------------------------------+------------------+----------------+--------------+
|   Clock Signal  |             Enable Signal            |                            Set/Reset Signal                           | Slice Load Count | Bel Load Count | Bels / Slice |
+-----------------+--------------------------------------+-----------------------------------------------------------------------+------------------+----------------+--------------+
|  LD7_OBUF_BUFG  | LED_Driver_connections/speed_counter |                                                                       |                2 |              5 |         2.50 |
|  GCLK_IBUF_BUFG |                                      |                                                                       |                6 |              6 |         1.00 |
|  LD7_OBUF_BUFG  |                                      |                                                                       |                3 |              8 |         2.67 |
|  LD7_OBUF_BUFG  |                                      | SW5_IBUF                                                              |                8 |             32 |         4.00 |
|  LD7_OBUF_BUFG  | LED_Driver_connections/state         | LED_Driver_connections/state_iterator[31]_i_1_n_0                     |                7 |             32 |         4.57 |
|  LD7_OBUF_BUFG  | LED_Driver_connections/speed_counter | LED_Driver_connections/state                                          |                8 |             32 |         4.00 |
|  GCLK_IBUF_BUFG |                                      | LED_Driver_connections/clock_counter_PWM0_carry__2_n_1                |                8 |             32 |         4.00 |
|  GCLK_IBUF_BUFG |                                      | LED_Driver_connections/clock_counter_PWM0_inferred__1/i__carry__2_n_1 |                8 |             32 |         4.00 |
|  GCLK_IBUF_BUFG |                                      | LED_Driver_connections/clock_counter_PWM0_inferred__3/i__carry__2_n_1 |                8 |             32 |         4.00 |
|  GCLK_IBUF_BUFG |                                      | Timer_connections/clear                                               |                9 |             33 |         3.67 |
+-----------------+--------------------------------------+-----------------------------------------------------------------------+------------------+----------------+--------------+


